{
  "stats": {
    "suites": 1,
    "tests": 1,
    "passes": 0,
    "pending": 0,
    "failures": 1,
    "start": "2025-07-08T04:20:46.459Z",
    "end": "2025-07-08T04:21:22.653Z",
    "duration": 36194,
    "testsRegistered": 1,
    "passPercent": 0,
    "pendingPercent": 0,
    "other": 0,
    "hasOther": false,
    "skipped": 0,
    "hasSkipped": false
  },
  "results": [
    {
      "uuid": "060d9368-07b9-453e-b4c6-629a6abc943e",
      "title": "",
      "fullFile": "cypress\\e2e\\positive_search_pesanan.cy.js",
      "file": "cypress\\e2e\\positive_search_pesanan.cy.js",
      "beforeHooks": [],
      "afterHooks": [],
      "tests": [],
      "suites": [
        {
          "uuid": "501f0afb-3cd6-4126-82bb-1f79fadf10b1",
          "title": "template spec",
          "fullFile": "",
          "file": "",
          "beforeHooks": [],
          "afterHooks": [],
          "tests": [
            {
              "title": "positive_create pesanan",
              "fullTitle": "template spec positive_create pesanan",
              "timedOut": null,
              "duration": 33847,
              "state": "failed",
              "speed": null,
              "pass": false,
              "fail": true,
              "pending": false,
              "context": null,
              "code": "cy.visit('https://v2.jubelio.com/auth/login'); //go to url\ncy.login('asril.rinaldi@gmail.com', 'Ald!082030'); //login\ncy.get('.shared1').should('contain', 'Selamat Datang'); //validate header\ncy.contains('span', 'Penjualan').click();\ncy.get('.MuiGrid-container > [href=\"/sales/transactions\"]').should('be.visible');\ncy.get('.MuiGrid-container > [href=\"/sales/transactions\"]').click();\ncy.contains('h4', 'Transaksi Penjualan').should('contain', 'Transaksi Penjualan'); //validate header\ncy.get('[style=\"position: absolute; right: 35px; top: 60px; z-index: 99999; width: 400px; background: rgb(255, 255, 255); height: calc(100% - 130px);\"] > .MuiButton-root').click();\ncy.search_pesanan('PRODUK00000000123');\ncy.logout(); //logout",
              "err": {
                "message": "AssertionError: expected 'PRODUK0000000000077' to equal 'PRODUK00000000123'",
                "estack": "AssertionError: expected 'PRODUK0000000000077' to equal 'PRODUK00000000123'\n    at Context.eval (webpack://jubelio.git/./cypress/support/commands.js:127:36)\n    at getRet (https://v2.jubelio.com/__cypress/runner/cypress_runner.js:120949:20)\n    at tryCatcher (https://v2.jubelio.com/__cypress/runner/cypress_runner.js:1777:23)\n    at Promise.attempt.Promise.try (https://v2.jubelio.com/__cypress/runner/cypress_runner.js:4285:29)\n    at Context.thenFn (https://v2.jubelio.com/__cypress/runner/cypress_runner.js:120960:66)\n    at Context.then (https://v2.jubelio.com/__cypress/runner/cypress_runner.js:121211:21)",
                "diff": "- 'PRODUK0000000000077'\n+ 'PRODUK00000000123'\n"
              },
              "uuid": "30266b53-71f0-49f1-947b-7340bc16ec56",
              "parentUUID": "501f0afb-3cd6-4126-82bb-1f79fadf10b1",
              "isHook": false,
              "skipped": false
            }
          ],
          "suites": [],
          "passes": [],
          "failures": [
            "30266b53-71f0-49f1-947b-7340bc16ec56"
          ],
          "pending": [],
          "skipped": [],
          "duration": 33847,
          "root": false,
          "rootEmpty": false,
          "_timeout": 2000
        }
      ],
      "passes": [],
      "failures": [],
      "pending": [],
      "skipped": [],
      "duration": 0,
      "root": true,
      "rootEmpty": true,
      "_timeout": 2000
    }
  ],
  "meta": {
    "mocha": {
      "version": "7.2.0"
    },
    "mochawesome": {
      "options": {
        "quiet": false,
        "reportFilename": "mochawesome",
        "saveHtml": true,
        "saveJson": true,
        "consoleReporter": "spec",
        "useInlineDiffs": false,
        "code": true
      },
      "version": "7.1.3"
    },
    "marge": {
      "options": {
        "reportDir": "cypress/results",
        "overwrite": false,
        "html": true,
        "json": true
      },
      "version": "6.2.0"
    }
  }
}