{
  "stats": {
    "suites": 1,
    "tests": 1,
    "passes": 0,
    "pending": 0,
    "failures": 1,
    "start": "2025-07-08T04:19:20.781Z",
    "end": "2025-07-08T04:20:05.203Z",
    "duration": 44422,
    "testsRegistered": 1,
    "passPercent": 0,
    "pendingPercent": 0,
    "other": 0,
    "hasOther": false,
    "skipped": 0,
    "hasSkipped": false
  },
  "results": [
    {
      "uuid": "76e6ae71-69d4-45e8-8b23-6a678ccf3a4d",
      "title": "",
      "fullFile": "cypress\\e2e\\positive_edit_pesanan.cy.js",
      "file": "cypress\\e2e\\positive_edit_pesanan.cy.js",
      "beforeHooks": [],
      "afterHooks": [],
      "tests": [],
      "suites": [
        {
          "uuid": "f10ede8e-1430-460a-ad79-140df8389d3f",
          "title": "template spec",
          "fullFile": "",
          "file": "",
          "beforeHooks": [],
          "afterHooks": [],
          "tests": [
            {
              "title": "positive_create pesanan",
              "fullTitle": "template spec positive_create pesanan",
              "timedOut": null,
              "duration": 40257,
              "state": "failed",
              "speed": null,
              "pass": false,
              "fail": true,
              "pending": false,
              "context": null,
              "code": "cy.visit('https://v2.jubelio.com/auth/login'); //go to url\ncy.login('asril.rinaldi@gmail.com', 'Ald!082030'); //login\ncy.get('.shared1').should('contain', 'Selamat Datang'); //validate header\ncy.contains('span', 'Penjualan').click();\ncy.get('.MuiGrid-container > [href=\"/sales/transactions\"]').should('be.visible');\ncy.get('.MuiGrid-container > [href=\"/sales/transactions\"]').click();\ncy.contains('h4', 'Transaksi Penjualan').should('contain', 'Transaksi Penjualan'); //validate header\ncy.get('[style=\"position: absolute; right: 35px; top: 60px; z-index: 99999; width: 400px; background: rgb(255, 255, 255); height: calc(100% - 130px);\"] > .MuiButton-root').click();\ncy.edit_pesanan('PRODUK00000000123', 'BLIBLI');\ncy.logout(); //logout",
              "err": {
                "message": "AssertionError: Timed out retrying after 4000ms: Expected to find content: 'PRODUK00000000123' within the selector: 'span' but never did.",
                "estack": "AssertionError: Timed out retrying after 4000ms: Expected to find content: 'PRODUK00000000123' within the selector: 'span' but never did.\n    at Context.eval (webpack://jubelio.git/./cypress/support/commands.js:97:7)\n    at wrapped (https://v2.jubelio.com/__cypress/runner/cypress_runner.js:141524:43)",
                "diff": null
              },
              "uuid": "69544bb5-6f19-4147-a56f-0327c08d7028",
              "parentUUID": "f10ede8e-1430-460a-ad79-140df8389d3f",
              "isHook": false,
              "skipped": false
            }
          ],
          "suites": [],
          "passes": [],
          "failures": [
            "69544bb5-6f19-4147-a56f-0327c08d7028"
          ],
          "pending": [],
          "skipped": [],
          "duration": 40257,
          "root": false,
          "rootEmpty": false,
          "_timeout": 2000
        }
      ],
      "passes": [],
      "failures": [],
      "pending": [],
      "skipped": [],
      "duration": 0,
      "root": true,
      "rootEmpty": true,
      "_timeout": 2000
    }
  ],
  "meta": {
    "mocha": {
      "version": "7.2.0"
    },
    "mochawesome": {
      "options": {
        "quiet": false,
        "reportFilename": "mochawesome",
        "saveHtml": true,
        "saveJson": true,
        "consoleReporter": "spec",
        "useInlineDiffs": false,
        "code": true
      },
      "version": "7.1.3"
    },
    "marge": {
      "options": {
        "reportDir": "cypress/results",
        "overwrite": false,
        "html": true,
        "json": true
      },
      "version": "6.2.0"
    }
  }
}