{
  "stats": {
    "suites": 1,
    "tests": 1,
    "passes": 0,
    "pending": 0,
    "failures": 1,
    "start": "2025-07-08T04:18:15.338Z",
    "end": "2025-07-08T04:19:17.246Z",
    "duration": 61908,
    "testsRegistered": 1,
    "passPercent": 0,
    "pendingPercent": 0,
    "other": 0,
    "hasOther": false,
    "skipped": 0,
    "hasSkipped": false
  },
  "results": [
    {
      "uuid": "2ffe6d6b-a886-4ead-aea6-a84f33fa02c2",
      "title": "",
      "fullFile": "cypress\\e2e\\positive_create_pesanan.cy.js",
      "file": "cypress\\e2e\\positive_create_pesanan.cy.js",
      "beforeHooks": [],
      "afterHooks": [],
      "tests": [],
      "suites": [
        {
          "uuid": "d3e7a69f-ed53-4c73-913a-4ad53cab8a54",
          "title": "template spec",
          "fullFile": "",
          "file": "",
          "beforeHooks": [],
          "afterHooks": [],
          "tests": [
            {
              "title": "positive_create pesanan",
              "fullTitle": "template spec positive_create pesanan",
              "timedOut": null,
              "duration": 58056,
              "state": "failed",
              "speed": null,
              "pass": false,
              "fail": true,
              "pending": false,
              "context": null,
              "code": "cy.visit('https://v2.jubelio.com/auth/login'); //go to url\ncy.login('asril.rinaldi@gmail.com', 'Ald!082030'); //login\ncy.get('.shared1').should('contain', 'Selamat Datang'); //validate header\ncy.create_pesanan('PRODUK00000000123', 'BLANJA', 'LAZADA', 'PUSAT', 'SEPATU'); //create pesanan\ncy.logout(); //logout",
              "err": {
                "message": "RangeError: The value of \"offset\" is out of range. It must be >= 0 and <= 6504956. Received 6504960",
                "estack": "RangeError: The value of \"offset\" is out of range. It must be >= 0 and <= 6504956. Received 6504960\nRangeError [ERR_OUT_OF_RANGE]: The value of \"offset\" is out of range. It must be >= 0 and <= 6504956. Received 6504960\n    at boundsError (node:internal/buffer:88:9)\n    at Buffer.readUInt32BE (node:internal/buffer:311:5)\n    at q.<anonymous> (<embedded>:478:177563)\n    at e.scan (<embedded>:476:672518)\n    at q.scanQuiet (<embedded>:478:69159)\n    at q.cropQuiet (<embedded>:478:177503)\n    at I.q.<computed> [as crop] (<embedded>:478:65774)\n    at T (<embedded>:2743:131119)\n    at <unknown> (<embedded>:2743:133952)\n    at Is (<embedded>:1092:4752)\n    at Function.kd (<embedded>:1092:40475)\n    at <unknown> (<embedded>:2743:133905)\n    at <unknown> (<embedded>:2743:134075)\n    at tryCatcher (C:\\Users\\asani\\AppData\\Local\\Cypress\\Cache\\14.5.1\\Cypress\\resources\\app\\node_modules\\bluebird\\js\\release\\util.js:16:23)\n    at Promise._settlePromiseFromHandler (C:\\Users\\asani\\AppData\\Local\\Cypress\\Cache\\14.5.1\\Cypress\\resources\\app\\node_modules\\bluebird\\js\\release\\promise.js:512:31)\n    at Promise._settlePromise (C:\\Users\\asani\\AppData\\Local\\Cypress\\Cache\\14.5.1\\Cypress\\resources\\app\\node_modules\\bluebird\\js\\release\\promise.js:569:18)\n    at Promise._settlePromise0 (C:\\Users\\asani\\AppData\\Local\\Cypress\\Cache\\14.5.1\\Cypress\\resources\\app\\node_modules\\bluebird\\js\\release\\promise.js:614:10)\n    at Promise._settlePromises (C:\\Users\\asani\\AppData\\Local\\Cypress\\Cache\\14.5.1\\Cypress\\resources\\app\\node_modules\\bluebird\\js\\release\\promise.js:694:18)\n    at _drainQueueStep (C:\\Users\\asani\\AppData\\Local\\Cypress\\Cache\\14.5.1\\Cypress\\resources\\app\\node_modules\\bluebird\\js\\release\\async.js:138:12)\n    at _drainQueue (C:\\Users\\asani\\AppData\\Local\\Cypress\\Cache\\14.5.1\\Cypress\\resources\\app\\node_modules\\bluebird\\js\\release\\async.js:131:9)\n    at Async._drainQueues (C:\\Users\\asani\\AppData\\Local\\Cypress\\Cache\\14.5.1\\Cypress\\resources\\app\\node_modules\\bluebird\\js\\release\\async.js:147:5)\n    at Immediate.<anonymous> (C:\\Users\\asani\\AppData\\Local\\Cypress\\Cache\\14.5.1\\Cypress\\resources\\app\\node_modules\\bluebird\\js\\release\\async.js:17:14)\n    at process.processImmediate (node:internal/timers:483:21)",
                "diff": null
              },
              "uuid": "ba189026-4b38-4ced-aa58-577547d00c5f",
              "parentUUID": "d3e7a69f-ed53-4c73-913a-4ad53cab8a54",
              "isHook": false,
              "skipped": false
            }
          ],
          "suites": [],
          "passes": [],
          "failures": [
            "ba189026-4b38-4ced-aa58-577547d00c5f"
          ],
          "pending": [],
          "skipped": [],
          "duration": 58056,
          "root": false,
          "rootEmpty": false,
          "_timeout": 2000
        }
      ],
      "passes": [],
      "failures": [],
      "pending": [],
      "skipped": [],
      "duration": 0,
      "root": true,
      "rootEmpty": true,
      "_timeout": 2000
    }
  ],
  "meta": {
    "mocha": {
      "version": "7.2.0"
    },
    "mochawesome": {
      "options": {
        "quiet": false,
        "reportFilename": "mochawesome",
        "saveHtml": true,
        "saveJson": true,
        "consoleReporter": "spec",
        "useInlineDiffs": false,
        "code": true
      },
      "version": "7.1.3"
    },
    "marge": {
      "options": {
        "reportDir": "cypress/results",
        "overwrite": false,
        "html": true,
        "json": true
      },
      "version": "6.2.0"
    }
  }
}